Reading netlist file: "/home/berdo/FPGA/Blink/fpga_project/impl/gwsynthesis/fpga_project.vg"
Parsing netlist file "/home/berdo/FPGA/Blink/fpga_project/impl/gwsynthesis/fpga_project.vg" completed
Processing netlist completed
Reading constraint file: "/home/berdo/FPGA/Blink/fpga_project/src/tangnano9k.cst"
Physical Constraint parsed completed
Running placement......
[10%] Placement Phase 0 completed
[20%] Placement Phase 1 completed
[30%] Placement Phase 2 completed
WARN  (TA1132) :  'clk' was determined to be a clock but was not created.
[50%] Placement Phase 3 completed
Running routing......
[60%] Routing Phase 0 completed
[70%] Routing Phase 1 completed
[80%] Routing Phase 2 completed
[90%] Routing Phase 3 completed
Running timing analysis......
[95%] Timing analysis completed
Placement and routing completed
Bitstream generation in progress......
Bitstream generation completed
Running power analysis......
[100%] Power analysis completed
Generate file "/home/berdo/FPGA/Blink/fpga_project/impl/pnr/fpga_project.power.html" completed
Generate file "/home/berdo/FPGA/Blink/fpga_project/impl/pnr/fpga_project.pin.html" completed
Generate file "/home/berdo/FPGA/Blink/fpga_project/impl/pnr/fpga_project.rpt.html" completed
Generate file "/home/berdo/FPGA/Blink/fpga_project/impl/pnr/fpga_project.rpt.txt" completed
Generate file "/home/berdo/FPGA/Blink/fpga_project/impl/pnr/fpga_project.tr.html" completed
Tue Feb 17 03:40:14 2026

